<?xml version="1.0" encoding="UTF-8"?>
<testng-results skipped="0" failed="0" total="1" passed="1">
  <reporter-output>
  </reporter-output>
  <suite name="Suite" duration-ms="7496" started-at="2017-11-06T07:35:20Z" finished-at="2017-11-06T07:35:27Z">
    <groups>
    </groups>
    <test name="Test" duration-ms="7496" started-at="2017-11-06T07:35:20Z" finished-at="2017-11-06T07:35:27Z">
      <class name="Admission.TestSuite">
        <test-method status="PASS" signature="Setup()[pri:0, instance:Admission.TestSuite@42d3bd8b]" name="Setup" is-config="true" duration-ms="7476" started-at="2017-11-06T13:05:20Z" finished-at="2017-11-06T13:05:27Z">
          <reporter-output>
          </reporter-output>
        </test-method> <!-- Setup -->
        <test-method status="PASS" signature="Login()[pri:0, instance:Admission.TestSuite@42d3bd8b]" name="Login" duration-ms="5" started-at="2017-11-06T13:05:27Z" finished-at="2017-11-06T13:05:27Z">
          <reporter-output>
          </reporter-output>
        </test-method> <!-- Login -->
        <test-method status="PASS" signature="tearDown()[pri:0, instance:Admission.TestSuite@42d3bd8b]" name="tearDown" is-config="true" duration-ms="0" started-at="2017-11-06T13:05:27Z" finished-at="2017-11-06T13:05:27Z">
          <reporter-output>
          </reporter-output>
        </test-method> <!-- tearDown -->
      </class> <!-- Admission.TestSuite -->
    </test> <!-- Test -->
  </suite> <!-- Suite -->
</testng-results>
